Using pre-set license
Built from '2021.3/staging' branch; Version is '2021.3.24f1 (cf10dcf7010d) revision 13570268'; Using compiler version '192829333'; Build Type 'Release'
OS: 'Windows 10  (10.0.19045) 64bit Core' Language: 'ko' Physical Memory: 32717 MB
BatchMode: 1, IsHumanControllingUs: 0, StartBugReporterOnCrash: 0, Is64bit: 1, IsPro: 1

COMMAND LINE ARGUMENTS:
C:\Program Files\Unity\Hub\Editor\2021.3.24f1\Editor\Unity.exe
-adb2
-batchMode
-noUpm
-name
AssetImportWorker2
-projectPath
C:/Users/gksql/repo/Capstone_Design2/Unity/Debuff
-logFile
Logs/AssetImportWorker2.log
-srvPort
65517
Successfully changed project path to: C:/Users/gksql/repo/Capstone_Design2/Unity/Debuff
C:/Users/gksql/repo/Capstone_Design2/Unity/Debuff
[UnityMemory] Configuration Parameters - Can be set up in boot.config
    "memorysetup-bucket-allocator-granularity=16"
    "memorysetup-bucket-allocator-bucket-count=8"
    "memorysetup-bucket-allocator-block-size=33554432"
    "memorysetup-bucket-allocator-block-count=8"
    "memorysetup-main-allocator-block-size=16777216"
    "memorysetup-thread-allocator-block-size=16777216"
    "memorysetup-gfx-main-allocator-block-size=16777216"
    "memorysetup-gfx-thread-allocator-block-size=16777216"
    "memorysetup-cache-allocator-block-size=4194304"
    "memorysetup-typetree-allocator-block-size=2097152"
    "memorysetup-profiler-bucket-allocator-granularity=16"
    "memorysetup-profiler-bucket-allocator-bucket-count=8"
    "memorysetup-profiler-bucket-allocator-block-size=33554432"
    "memorysetup-profiler-bucket-allocator-block-count=8"
    "memorysetup-profiler-allocator-block-size=16777216"
    "memorysetup-profiler-editor-allocator-block-size=1048576"
    "memorysetup-temp-allocator-size-main=16777216"
    "memorysetup-job-temp-allocator-block-size=2097152"
    "memorysetup-job-temp-allocator-block-size-background=1048576"
    "memorysetup-job-temp-allocator-reduction-small-platforms=262144"
    "memorysetup-temp-allocator-size-background-worker=32768"
    "memorysetup-temp-allocator-size-job-worker=262144"
    "memorysetup-temp-allocator-size-preload-manager=33554432"
    "memorysetup-temp-allocator-size-nav-mesh-worker=65536"
    "memorysetup-temp-allocator-size-audio-worker=65536"
    "memorysetup-temp-allocator-size-cloud-worker=32768"
    "memorysetup-temp-allocator-size-gi-baking-worker=262144"
    "memorysetup-temp-allocator-size-gfx=262144"
Player connection [21940] Host "[IP] 121.140.0.226 [Port] 0 [Flags] 2 [Guid] 4242722521 [EditorId] 4242722521 [Version] 1048832 [Id] WindowsEditor(7,DESKTOP-VVHTSPD) [Debug] 1 [PackageName] WindowsEditor [ProjectName] Editor" joined multi-casting on [225.0.0.222:54997]...

Player connection [21940] Host "[IP] 121.140.0.226 [Port] 0 [Flags] 2 [Guid] 4242722521 [EditorId] 4242722521 [Version] 1048832 [Id] WindowsEditor(7,DESKTOP-VVHTSPD) [Debug] 1 [PackageName] WindowsEditor [ProjectName] Editor" joined alternative multi-casting on [225.0.0.222:34997]...

Refreshing native plugins compatible for Editor in 71.18 ms, found 3 plugins.
Preloading 0 native plugins for Editor in 0.00 ms.
Initialize engine version: 2021.3.24f1 (cf10dcf7010d)
[Subsystems] Discovering subsystems at path C:/Program Files/Unity/Hub/Editor/2021.3.24f1/Editor/Data/Resources/UnitySubsystems
[Subsystems] Discovering subsystems at path C:/Users/gksql/repo/Capstone_Design2/Unity/Debuff/Assets
GfxDevice: creating device client; threaded=0; jobified=0
Direct3D:
    Version:  Direct3D 11.0 [level 11.1]
    Renderer: NVIDIA GeForce RTX 2060 SUPER (ID=0x1f06)
    Vendor:   NVIDIA
    VRAM:     8006 MB
    Driver:   31.0.15.5222
Initialize mono
Mono path[0] = 'C:/Program Files/Unity/Hub/Editor/2021.3.24f1/Editor/Data/Managed'
Mono path[1] = 'C:/Program Files/Unity/Hub/Editor/2021.3.24f1/Editor/Data/MonoBleedingEdge/lib/mono/unityjit-win32'
Mono config path = 'C:/Program Files/Unity/Hub/Editor/2021.3.24f1/Editor/Data/MonoBleedingEdge/etc'
Using monoOptions --debugger-agent=transport=dt_socket,embedding=1,server=y,suspend=n,address=127.0.0.1:56056
Begin MonoManager ReloadAssembly
Registering precompiled unity dll's ...
Register platform support module: C:/Program Files/Unity/Hub/Editor/2021.3.24f1/Editor/Data/PlaybackEngines/WebGLSupport/UnityEditor.WebGL.Extensions.dll
Register platform support module: C:/Program Files/Unity/Hub/Editor/2021.3.24f1/Editor/Data/PlaybackEngines/AndroidPlayer/UnityEditor.Android.Extensions.dll
Register platform support module: C:/Program Files/Unity/Hub/Editor/2021.3.24f1/Editor/Data/PlaybackEngines/WindowsStandaloneSupport/UnityEditor.WindowsStandalone.Extensions.dll
Registered in 0.008473 seconds.
Native extension for WindowsStandalone target not found
Native extension for Android target not found
Android Extension - Scanning For ADB Devices 224 ms
Native extension for WebGL target not found
Refreshing native plugins compatible for Editor in 70.38 ms, found 3 plugins.
Preloading 0 native plugins for Editor in 0.00 ms.
Mono: successfully reloaded assembly
- Completed reload, in  0.798 seconds
Domain Reload Profiling:
	ReloadAssembly (798ms)
		BeginReloadAssembly (77ms)
			ExecutionOrderSort (0ms)
			DisableScriptedObjects (0ms)
			BackupInstance (0ms)
			ReleaseScriptingObjects (0ms)
			CreateAndSetChildDomain (1ms)
		EndReloadAssembly (629ms)
			LoadAssemblies (76ms)
			RebuildTransferFunctionScriptingTraits (0ms)
			SetupTypeCache (95ms)
			ReleaseScriptCaches (0ms)
			RebuildScriptCaches (23ms)
			SetupLoadedEditorAssemblies (467ms)
				LogAssemblyErrors (0ms)
				InitializePlatformSupportModulesInManaged (283ms)
				SetLoadedEditorAssemblies (0ms)
				RefreshPlugins (70ms)
				BeforeProcessingInitializeOnLoad (1ms)
				ProcessInitializeOnLoadAttributes (78ms)
				ProcessInitializeOnLoadMethodAttributes (34ms)
				AfterProcessingInitializeOnLoad (0ms)
				EditorAssembliesLoaded (0ms)
			ExecutionOrderSort2 (0ms)
			AwakeInstancesAfterBackupRestoration (0ms)
Platform modules already initialized, skipping
Registering precompiled user dll's ...
Registered in 0.004522 seconds.
Begin MonoManager ReloadAssembly
Symbol file LoadedFromMemory doesn't match image C:\Users\gksql\repo\Capstone_Design2\Unity\Debuff\Library\PackageCache\com.unity.visualscripting@1.8.0\Editor\VisualScripting.Core\Dependencies\YamlDotNet\Unity.VisualScripting.YamlDotNet.dll
Symbol file LoadedFromMemory doesn't match image C:\Users\gksql\repo\Capstone_Design2\Unity\Debuff\Library\PackageCache\com.unity.visualscripting@1.8.0\Editor\VisualScripting.Core\Dependencies\DotNetZip\Unity.VisualScripting.IonicZip.dll
Native extension for WindowsStandalone target not found
Native extension for Android target not found
Native extension for WebGL target not found
Refreshing native plugins compatible for Editor in 0.55 ms, found 3 plugins.
Preloading 0 native plugins for Editor in 0.00 ms.
Mono: successfully reloaded assembly
- Completed reload, in  0.867 seconds
Domain Reload Profiling:
	ReloadAssembly (868ms)
		BeginReloadAssembly (104ms)
			ExecutionOrderSort (0ms)
			DisableScriptedObjects (5ms)
			BackupInstance (0ms)
			ReleaseScriptingObjects (0ms)
			CreateAndSetChildDomain (18ms)
		EndReloadAssembly (666ms)
			LoadAssemblies (76ms)
			RebuildTransferFunctionScriptingTraits (0ms)
			SetupTypeCache (227ms)
			ReleaseScriptCaches (1ms)
			RebuildScriptCaches (40ms)
			SetupLoadedEditorAssemblies (298ms)
				LogAssemblyErrors (0ms)
				InitializePlatformSupportModulesInManaged (16ms)
				SetLoadedEditorAssemblies (0ms)
				RefreshPlugins (1ms)
				BeforeProcessingInitializeOnLoad (73ms)
				ProcessInitializeOnLoadAttributes (184ms)
				ProcessInitializeOnLoadMethodAttributes (15ms)
				AfterProcessingInitializeOnLoad (8ms)
				EditorAssembliesLoaded (0ms)
			ExecutionOrderSort2 (0ms)
			AwakeInstancesAfterBackupRestoration (5ms)
Platform modules already initialized, skipping
========================================================================
Worker process is ready to serve import requests
Launched and connected shader compiler UnityShaderCompiler.exe after 0.04 seconds
Refreshing native plugins compatible for Editor in 0.67 ms, found 3 plugins.
Preloading 0 native plugins for Editor in 0.00 ms.
Unloading 3085 Unused Serialized files (Serialized files now loaded: 0)
Unloading 22 unused Assets / (56.1 KB). Loaded Objects now: 3549.
Memory consumption went from 113.0 MB to 113.0 MB.
Total: 2.603200 ms (FindLiveObjects: 0.232300 ms CreateObjectMapping: 0.082700 ms MarkObjects: 2.227100 ms  DeleteObjects: 0.060400 ms)

AssetImportParameters requested are different than current active one (requested -> active):
  custom:video-decoder-ogg-theora: a1e56fd34408186e4bbccfd4996cb3dc -> 
  custom:container-muxer-webm: aa71ff27fc2769a1b78a27578f13a17b -> 
  custom:container-demuxer-webm: 4f35f7cbe854078d1ac9338744f61a02 -> 
  custom:video-encoder-webm-vp8: eb34c28f22e8b96e1ab97ce403110664 -> 
  custom:audio-encoder-webm-vorbis: bf7c407c2cedff20999df2af8eb42d56 -> 
  custom:framework-win-MediaFoundation: 216162199b28c13a410421893ffa2e32 -> 
  custom:container-demuxer-ogg: 62fdf1f143b41e24485cea50d1cbac27 -> 
  custom:video-decoder-webm-vp8: 9c59270c3fd7afecdb556c50c9e8de78 -> 
  custom:audio-decoder-ogg-vorbis: bf7c407c2cedff20999df2af8eb42d56 -> 
========================================================================
Received Import Request.
  Time since last request: 353931.617278 seconds.
  path: Assets/Sprites/bridge1.png
  artifactKey: Guid(720e2e05b99de91488c53f928f7f78cf) Importer(815301076,1909f56bfc062723c751e8b465ee728b)
Start importing Assets/Sprites/bridge1.png using Guid(720e2e05b99de91488c53f928f7f78cf) Importer(815301076,1909f56bfc062723c751e8b465ee728b)  -> (artifact id: 'ce69025cdebbd06e7579bbd186de81e1') in 0.063108 seconds 
========================================================================
Received Import Request.
  Time since last request: 3.994108 seconds.
  path: Assets/Sprites/bridge2.png
  artifactKey: Guid(36e9154fa9978ac4ba3c746984ab055c) Importer(815301076,1909f56bfc062723c751e8b465ee728b)
Start importing Assets/Sprites/bridge2.png using Guid(36e9154fa9978ac4ba3c746984ab055c) Importer(815301076,1909f56bfc062723c751e8b465ee728b)  -> (artifact id: '5d55dbcde062567d0719799f3c280595') in 0.207238 seconds 
========================================================================
Received Import Request.
  Time since last request: 3.303899 seconds.
  path: Assets/Sprites/city.png
  artifactKey: Guid(4c3113207c8f71047babbc09749cafbf) Importer(815301076,1909f56bfc062723c751e8b465ee728b)
Start importing Assets/Sprites/city.png using Guid(4c3113207c8f71047babbc09749cafbf) Importer(815301076,1909f56bfc062723c751e8b465ee728b)  -> (artifact id: 'b30609e87488a81c595ef9cb3b34c2ac') in 0.137080 seconds 
========================================================================
Received Import Request.
  Time since last request: 3.449032 seconds.
  path: Assets/Sprites/forest.png
  artifactKey: Guid(d8e2948589daaee4b84454e70842bdad) Importer(815301076,1909f56bfc062723c751e8b465ee728b)
Start importing Assets/Sprites/forest.png using Guid(d8e2948589daaee4b84454e70842bdad) Importer(815301076,1909f56bfc062723c751e8b465ee728b)  -> (artifact id: '72e258e97943288722bcca01774eb2f0') in 0.158310 seconds 
========================================================================
Received Import Request.
  Time since last request: 4.532928 seconds.
  path: Assets/Sprites/old_city.png
  artifactKey: Guid(e83dae69fc338b449ae3a06933f94303) Importer(815301076,1909f56bfc062723c751e8b465ee728b)
Start importing Assets/Sprites/old_city.png using Guid(e83dae69fc338b449ae3a06933f94303) Importer(815301076,1909f56bfc062723c751e8b465ee728b)  -> (artifact id: 'b24acdf80c26161996c951f790f217a9') in 0.160538 seconds 
========================================================================
Received Import Request.
  Time since last request: 3.444157 seconds.
  path: Assets/Sprites/tunnel.png
  artifactKey: Guid(f51dd091479395342b6a650ad21db758) Importer(815301076,1909f56bfc062723c751e8b465ee728b)
Start importing Assets/Sprites/tunnel.png using Guid(f51dd091479395342b6a650ad21db758) Importer(815301076,1909f56bfc062723c751e8b465ee728b)  -> (artifact id: '49cf7ff9f8b8959012d1746dd1be4c7b') in 0.141863 seconds 
========================================================================
Received Import Request.
  Time since last request: 10.119920 seconds.
  path: Assets/Scenes
  artifactKey: Guid(6ea315d0fd7389c41b19996891e99ae3) Importer(815301076,1909f56bfc062723c751e8b465ee728b)
Start importing Assets/Scenes using Guid(6ea315d0fd7389c41b19996891e99ae3) Importer(815301076,1909f56bfc062723c751e8b465ee728b)  -> (artifact id: 'b8193726cff86800c54781cdc6d54904') in 0.008431 seconds 
========================================================================
Received Import Request.
  Time since last request: 9.105479 seconds.
  path: Assets/Scenes/Forest.unity
  artifactKey: Guid(bc5dc8e81e23a164e83d48fa2d827f3c) Importer(815301076,1909f56bfc062723c751e8b465ee728b)
Start importing Assets/Scenes/Forest.unity using Guid(bc5dc8e81e23a164e83d48fa2d827f3c) Importer(815301076,1909f56bfc062723c751e8b465ee728b)  -> (artifact id: 'b966ee7198246047e7458cf19bb2ce32') in 0.007565 seconds 
========================================================================
Received Import Request.
  Time since last request: 1164.493182 seconds.
  path: Assets/Scenes/City1.unity
  artifactKey: Guid(39936f0e93655c34a99f14c1e63ff4a3) Importer(815301076,1909f56bfc062723c751e8b465ee728b)
Start importing Assets/Scenes/City1.unity using Guid(39936f0e93655c34a99f14c1e63ff4a3) Importer(815301076,1909f56bfc062723c751e8b465ee728b)  -> (artifact id: '255504efed4b82432c7ec5118b8b3f55') in 0.010443 seconds 
========================================================================
Received Import Request.
  Time since last request: 4.844185 seconds.
  path: Assets/Scenes/City2.unity
  artifactKey: Guid(1d516c72824789543b5dbf36d3fa19db) Importer(815301076,1909f56bfc062723c751e8b465ee728b)
Start importing Assets/Scenes/City2.unity using Guid(1d516c72824789543b5dbf36d3fa19db) Importer(815301076,1909f56bfc062723c751e8b465ee728b)  -> (artifact id: '14fe8b045c11bbd52b25c737ef843c5e') in 0.007798 seconds 
========================================================================
Received Import Request.
  Time since last request: 7.934172 seconds.
  path: Assets/Scenes/Tunnel.unity
  artifactKey: Guid(203f0aa77b4397c499f6d8fd775cc4ad) Importer(815301076,1909f56bfc062723c751e8b465ee728b)
Start importing Assets/Scenes/Tunnel.unity using Guid(203f0aa77b4397c499f6d8fd775cc4ad) Importer(815301076,1909f56bfc062723c751e8b465ee728b)  -> (artifact id: '329ae61f12981bd95a205fa97a8380f3') in 0.008134 seconds 
========================================================================
Received Import Request.
  Time since last request: 12.499489 seconds.
  path: Assets/Scenes/Bridge1.unity
  artifactKey: Guid(0efa17d3cea4f8f43ab0f1fe00265931) Importer(815301076,1909f56bfc062723c751e8b465ee728b)
Start importing Assets/Scenes/Bridge1.unity using Guid(0efa17d3cea4f8f43ab0f1fe00265931) Importer(815301076,1909f56bfc062723c751e8b465ee728b)  -> (artifact id: 'f1c373a12ec0028b2e6b43ffa1e8caf9') in 0.006682 seconds 
========================================================================
Received Import Request.
  Time since last request: 6.698079 seconds.
  path: Assets/Scenes/Bridge2.unity
  artifactKey: Guid(ab56f7ea20ccad241b2bc86f3d00f254) Importer(815301076,1909f56bfc062723c751e8b465ee728b)
Start importing Assets/Scenes/Bridge2.unity using Guid(ab56f7ea20ccad241b2bc86f3d00f254) Importer(815301076,1909f56bfc062723c751e8b465ee728b)  -> (artifact id: '6d53d88473e1389e1159335d3ae6b4d5') in 0.007591 seconds 
========================================================================
Received Import Request.
  Time since last request: 6.847196 seconds.
  path: Assets/Scenes/OldCity1.unity
  artifactKey: Guid(a8440f9b32731244e9bf3b3ba799f754) Importer(815301076,1909f56bfc062723c751e8b465ee728b)
Start importing Assets/Scenes/OldCity1.unity using Guid(a8440f9b32731244e9bf3b3ba799f754) Importer(815301076,1909f56bfc062723c751e8b465ee728b)  -> (artifact id: 'a3f86dc77c1cea4affe9fa95a936ed5a') in 0.006979 seconds 
========================================================================
Received Import Request.
  Time since last request: 6.685595 seconds.
  path: Assets/Scenes/OldCity2.unity
  artifactKey: Guid(f95c4c9a67a43a64ea37530a0f4fdd8f) Importer(815301076,1909f56bfc062723c751e8b465ee728b)
Start importing Assets/Scenes/OldCity2.unity using Guid(f95c4c9a67a43a64ea37530a0f4fdd8f) Importer(815301076,1909f56bfc062723c751e8b465ee728b)  -> (artifact id: 'b26cbf826f2e8c21485efaa9bffc6f8c') in 0.007644 seconds 
========================================================================
Received Import Request.
  Time since last request: 130.619938 seconds.
  path: Assets/Scenes/Forest.unity
  artifactKey: Guid(bc5dc8e81e23a164e83d48fa2d827f3c) Importer(815301076,1909f56bfc062723c751e8b465ee728b)
Start importing Assets/Scenes/Forest.unity using Guid(bc5dc8e81e23a164e83d48fa2d827f3c) Importer(815301076,1909f56bfc062723c751e8b465ee728b)  -> (artifact id: '6e151f6785010f8787819120ba571ec8') in 0.009094 seconds 
========================================================================
Received Import Request.
  Time since last request: 258.688318 seconds.
  path: Assets/Prefabs/Floor.prefab
  artifactKey: Guid(5e2637f2b2814e74f840e64ef131aa38) Importer(815301076,1909f56bfc062723c751e8b465ee728b)
Start importing Assets/Prefabs/Floor.prefab using Guid(5e2637f2b2814e74f840e64ef131aa38) Importer(815301076,1909f56bfc062723c751e8b465ee728b)  -> (artifact id: 'f7acec37bf540738f7573222772ad00c') in 0.218922 seconds 
========================================================================
Received Import Request.
  Time since last request: 7.301361 seconds.
  path: Assets/Prefabs/Floor.prefab
  artifactKey: Guid(5e2637f2b2814e74f840e64ef131aa38) Importer(815301076,1909f56bfc062723c751e8b465ee728b)
Start importing Assets/Prefabs/Floor.prefab using Guid(5e2637f2b2814e74f840e64ef131aa38) Importer(815301076,1909f56bfc062723c751e8b465ee728b)  -> (artifact id: '935ef93c1bfd844796efc17a23b7df88') in 0.014007 seconds 
========================================================================
Received Import Request.
  Time since last request: 13.647877 seconds.
  path: Assets/Prefabs/Floor.prefab
  artifactKey: Guid(5e2637f2b2814e74f840e64ef131aa38) Importer(815301076,1909f56bfc062723c751e8b465ee728b)
Start importing Assets/Prefabs/Floor.prefab using Guid(5e2637f2b2814e74f840e64ef131aa38) Importer(815301076,1909f56bfc062723c751e8b465ee728b)  -> (artifact id: '7e352f80a16c186d69952a79e02890db') in 0.010964 seconds 
========================================================================
Received Prepare
Registering precompiled user dll's ...
Registered in 0.004933 seconds.
Begin MonoManager ReloadAssembly
Symbol file LoadedFromMemory doesn't match image C:\Users\gksql\repo\Capstone_Design2\Unity\Debuff\Library\PackageCache\com.unity.visualscripting@1.8.0\Editor\VisualScripting.Core\Dependencies\YamlDotNet\Unity.VisualScripting.YamlDotNet.dll
Symbol file LoadedFromMemory doesn't match image C:\Users\gksql\repo\Capstone_Design2\Unity\Debuff\Library\PackageCache\com.unity.visualscripting@1.8.0\Editor\VisualScripting.Core\Dependencies\DotNetZip\Unity.VisualScripting.IonicZip.dll
Native extension for WindowsStandalone target not found
Native extension for Android target not found
Native extension for WebGL target not found
Refreshing native plugins compatible for Editor in 0.60 ms, found 3 plugins.
Preloading 0 native plugins for Editor in 0.00 ms.
Mono: successfully reloaded assembly
- Completed reload, in  0.885 seconds
Domain Reload Profiling:
	ReloadAssembly (886ms)
		BeginReloadAssembly (128ms)
			ExecutionOrderSort (0ms)
			DisableScriptedObjects (4ms)
			BackupInstance (0ms)
			ReleaseScriptingObjects (0ms)
			CreateAndSetChildDomain (33ms)
		EndReloadAssembly (666ms)
			LoadAssemblies (77ms)
			RebuildTransferFunctionScriptingTraits (0ms)
			SetupTypeCache (236ms)
			ReleaseScriptCaches (1ms)
			RebuildScriptCaches (35ms)
			SetupLoadedEditorAssemblies (281ms)
				LogAssemblyErrors (0ms)
				InitializePlatformSupportModulesInManaged (21ms)
				SetLoadedEditorAssemblies (0ms)
				RefreshPlugins (1ms)
				BeforeProcessingInitializeOnLoad (61ms)
				ProcessInitializeOnLoadAttributes (174ms)
				ProcessInitializeOnLoadMethodAttributes (15ms)
				AfterProcessingInitializeOnLoad (10ms)
				EditorAssembliesLoaded (0ms)
			ExecutionOrderSort2 (0ms)
			AwakeInstancesAfterBackupRestoration (5ms)
Platform modules already initialized, skipping
Refreshing native plugins compatible for Editor in 1.57 ms, found 3 plugins.
Preloading 0 native plugins for Editor in 0.00 ms.
Unloading 3078 Unused Serialized files (Serialized files now loaded: 0)
Unloading 15 unused Assets / (24.6 KB). Loaded Objects now: 3567.
Memory consumption went from 117.2 MB to 117.2 MB.
Total: 2.603700 ms (FindLiveObjects: 0.269400 ms CreateObjectMapping: 0.074800 ms MarkObjects: 2.240000 ms  DeleteObjects: 0.018500 ms)

AssetImportParameters requested are different than current active one (requested -> active):
  custom:video-decoder-ogg-theora: a1e56fd34408186e4bbccfd4996cb3dc -> 
  custom:container-muxer-webm: aa71ff27fc2769a1b78a27578f13a17b -> 
  custom:container-demuxer-webm: 4f35f7cbe854078d1ac9338744f61a02 -> 
  custom:video-encoder-webm-vp8: eb34c28f22e8b96e1ab97ce403110664 -> 
  custom:audio-encoder-webm-vorbis: bf7c407c2cedff20999df2af8eb42d56 -> 
  custom:framework-win-MediaFoundation: 216162199b28c13a410421893ffa2e32 -> 
  custom:container-demuxer-ogg: 62fdf1f143b41e24485cea50d1cbac27 -> 
  custom:video-decoder-webm-vp8: 9c59270c3fd7afecdb556c50c9e8de78 -> 
  custom:audio-decoder-ogg-vorbis: bf7c407c2cedff20999df2af8eb42d56 -> 
========================================================================
Received Import Request.
  Time since last request: 260.138184 seconds.
  path: Assets/Prefabs/Main Camera.prefab
  artifactKey: Guid(f129f0d2347d52f468ef010a0c3c07bf) Importer(815301076,1909f56bfc062723c751e8b465ee728b)
Start importing Assets/Prefabs/Main Camera.prefab using Guid(f129f0d2347d52f468ef010a0c3c07bf) Importer(815301076,1909f56bfc062723c751e8b465ee728b)  -> (artifact id: '3e39bbcefacfd0d5bebe6c66da323c84') in 0.031485 seconds 
========================================================================
Received Import Request.
  Time since last request: 8.874985 seconds.
  path: Assets/Prefabs/Wall_left.prefab
  artifactKey: Guid(d8c855f2828012247aebce9a4b6e518a) Importer(815301076,1909f56bfc062723c751e8b465ee728b)
Start importing Assets/Prefabs/Wall_left.prefab using Guid(d8c855f2828012247aebce9a4b6e518a) Importer(815301076,1909f56bfc062723c751e8b465ee728b)  -> (artifact id: '721c7dd03a0a173f9b43ab6ca28c3062') in 0.037542 seconds 
========================================================================
Received Import Request.
  Time since last request: 1.249180 seconds.
  path: Assets/Prefabs/Wall_right.prefab
  artifactKey: Guid(964f02713189978499c86251f3bbed6d) Importer(815301076,1909f56bfc062723c751e8b465ee728b)
Start importing Assets/Prefabs/Wall_right.prefab using Guid(964f02713189978499c86251f3bbed6d) Importer(815301076,1909f56bfc062723c751e8b465ee728b)  -> (artifact id: '60f51c72336a4b8baf80f2e1dedda911') in 0.011363 seconds 
========================================================================
Received Import Request.
  Time since last request: 1.303517 seconds.
  path: Assets/Prefabs/Floor.prefab
  artifactKey: Guid(5e2637f2b2814e74f840e64ef131aa38) Importer(815301076,1909f56bfc062723c751e8b465ee728b)
Start importing Assets/Prefabs/Floor.prefab using Guid(5e2637f2b2814e74f840e64ef131aa38) Importer(815301076,1909f56bfc062723c751e8b465ee728b)  -> (artifact id: 'cc943cd282d8a8c88aa2be72cc9b460f') in 0.011422 seconds 
========================================================================
Received Import Request.
  Time since last request: 11.532027 seconds.
  path: Assets/Scenes/Tunnel.unity
  artifactKey: Guid(203f0aa77b4397c499f6d8fd775cc4ad) Importer(815301076,1909f56bfc062723c751e8b465ee728b)
Start importing Assets/Scenes/Tunnel.unity using Guid(203f0aa77b4397c499f6d8fd775cc4ad) Importer(815301076,1909f56bfc062723c751e8b465ee728b)  -> (artifact id: 'd69f6f5785e4fd33a0041edee81643eb') in 0.009157 seconds 
========================================================================
Received Import Request.
  Time since last request: 46.841429 seconds.
  path: Assets/Scenes/City1.unity
  artifactKey: Guid(39936f0e93655c34a99f14c1e63ff4a3) Importer(815301076,1909f56bfc062723c751e8b465ee728b)
Start importing Assets/Scenes/City1.unity using Guid(39936f0e93655c34a99f14c1e63ff4a3) Importer(815301076,1909f56bfc062723c751e8b465ee728b)  -> (artifact id: '74fd9f7b5e25b1df1ed078caea4b5cc6') in 0.002178 seconds 
========================================================================
Received Import Request.
  Time since last request: 39.878884 seconds.
  path: Assets/Scenes/City2.unity
  artifactKey: Guid(1d516c72824789543b5dbf36d3fa19db) Importer(815301076,1909f56bfc062723c751e8b465ee728b)
Start importing Assets/Scenes/City2.unity using Guid(1d516c72824789543b5dbf36d3fa19db) Importer(815301076,1909f56bfc062723c751e8b465ee728b)  -> (artifact id: '9d077b226b9815a95b40d83a27f3b318') in 0.002290 seconds 
========================================================================
Received Import Request.
  Time since last request: 119.232628 seconds.
  path: Assets/Sprites/city_re.png
  artifactKey: Guid(d07745b7157152d44be36adb753f49ba) Importer(815301076,1909f56bfc062723c751e8b465ee728b)
Start importing Assets/Sprites/city_re.png using Guid(d07745b7157152d44be36adb753f49ba) Importer(815301076,1909f56bfc062723c751e8b465ee728b)  -> (artifact id: '503bbc7638f905db8d51df59a45fe774') in 0.017633 seconds 
========================================================================
Received Import Request.
  Time since last request: 5.139246 seconds.
  path: Assets/Sprites/city_re.png
  artifactKey: Guid(d07745b7157152d44be36adb753f49ba) Importer(815301076,1909f56bfc062723c751e8b465ee728b)
Start importing Assets/Sprites/city_re.png using Guid(d07745b7157152d44be36adb753f49ba) Importer(815301076,1909f56bfc062723c751e8b465ee728b)  -> (artifact id: 'b2a57ba6ac35d9b82c4d52270b4c3499') in 0.145735 seconds 
========================================================================
Received Import Request.
  Time since last request: 5.501327 seconds.
  path: Assets/Sprites/old_city_re.png
  artifactKey: Guid(90cc6ea8e204d2249bac01b04a92df2c) Importer(815301076,1909f56bfc062723c751e8b465ee728b)
Start importing Assets/Sprites/old_city_re.png using Guid(90cc6ea8e204d2249bac01b04a92df2c) Importer(815301076,1909f56bfc062723c751e8b465ee728b)  -> (artifact id: 'bfbe76a175422f33e66d734b31617980') in 0.156618 seconds 
========================================================================
Received Import Request.
  Time since last request: 26.783880 seconds.
  path: Assets/Scenes/Bridge1.unity
  artifactKey: Guid(0efa17d3cea4f8f43ab0f1fe00265931) Importer(815301076,1909f56bfc062723c751e8b465ee728b)
Start importing Assets/Scenes/Bridge1.unity using Guid(0efa17d3cea4f8f43ab0f1fe00265931) Importer(815301076,1909f56bfc062723c751e8b465ee728b)  -> (artifact id: '7ed2dfc719a699273839c25be4e668a6') in 0.002455 seconds 
========================================================================
Received Import Request.
  Time since last request: 40.979250 seconds.
  path: Assets/Scenes/Bridge2.unity
  artifactKey: Guid(ab56f7ea20ccad241b2bc86f3d00f254) Importer(815301076,1909f56bfc062723c751e8b465ee728b)
Start importing Assets/Scenes/Bridge2.unity using Guid(ab56f7ea20ccad241b2bc86f3d00f254) Importer(815301076,1909f56bfc062723c751e8b465ee728b)  -> (artifact id: '46c1792499aab7c46fe380cab3ca0e9d') in 0.002446 seconds 
========================================================================
Received Import Request.
  Time since last request: 30.484801 seconds.
  path: Assets/Scenes/OldCity1.unity
  artifactKey: Guid(a8440f9b32731244e9bf3b3ba799f754) Importer(815301076,1909f56bfc062723c751e8b465ee728b)
Start importing Assets/Scenes/OldCity1.unity using Guid(a8440f9b32731244e9bf3b3ba799f754) Importer(815301076,1909f56bfc062723c751e8b465ee728b)  -> (artifact id: '26f510b099bbe01ef21c0f0d6bf00f93') in 0.002303 seconds 
========================================================================
Received Import Request.
  Time since last request: 32.113939 seconds.
  path: Assets/Scenes/OldCity2.unity
  artifactKey: Guid(f95c4c9a67a43a64ea37530a0f4fdd8f) Importer(815301076,1909f56bfc062723c751e8b465ee728b)
Start importing Assets/Scenes/OldCity2.unity using Guid(f95c4c9a67a43a64ea37530a0f4fdd8f) Importer(815301076,1909f56bfc062723c751e8b465ee728b)  -> (artifact id: 'f0bbf997198d5202f69227b453c6e7d3') in 0.002160 seconds 
========================================================================
Received Import Request.
  Time since last request: 38.284046 seconds.
  path: Assets/Scenes/Forest.unity
  artifactKey: Guid(bc5dc8e81e23a164e83d48fa2d827f3c) Importer(815301076,1909f56bfc062723c751e8b465ee728b)
Start importing Assets/Scenes/Forest.unity using Guid(bc5dc8e81e23a164e83d48fa2d827f3c) Importer(815301076,1909f56bfc062723c751e8b465ee728b)  -> (artifact id: 'f051aac3e3abf4559c3617a15ec0b777') in 0.002411 seconds 
========================================================================
Received Prepare
Registering precompiled user dll's ...
Registered in 0.004715 seconds.
Begin MonoManager ReloadAssembly
Symbol file LoadedFromMemory doesn't match image C:\Users\gksql\repo\Capstone_Design2\Unity\Debuff\Library\PackageCache\com.unity.visualscripting@1.8.0\Editor\VisualScripting.Core\Dependencies\YamlDotNet\Unity.VisualScripting.YamlDotNet.dll
Symbol file LoadedFromMemory doesn't match image C:\Users\gksql\repo\Capstone_Design2\Unity\Debuff\Library\PackageCache\com.unity.visualscripting@1.8.0\Editor\VisualScripting.Core\Dependencies\DotNetZip\Unity.VisualScripting.IonicZip.dll
Native extension for WindowsStandalone target not found
Native extension for Android target not found
Native extension for WebGL target not found
Refreshing native plugins compatible for Editor in 0.57 ms, found 3 plugins.
Preloading 0 native plugins for Editor in 0.00 ms.
Mono: successfully reloaded assembly
- Completed reload, in  0.900 seconds
Domain Reload Profiling:
	ReloadAssembly (900ms)
		BeginReloadAssembly (131ms)
			ExecutionOrderSort (0ms)
			DisableScriptedObjects (4ms)
			BackupInstance (0ms)
			ReleaseScriptingObjects (0ms)
			CreateAndSetChildDomain (31ms)
		EndReloadAssembly (675ms)
			LoadAssemblies (83ms)
			RebuildTransferFunctionScriptingTraits (0ms)
			SetupTypeCache (244ms)
			ReleaseScriptCaches (1ms)
			RebuildScriptCaches (36ms)
			SetupLoadedEditorAssemblies (278ms)
				LogAssemblyErrors (0ms)
				InitializePlatformSupportModulesInManaged (18ms)
				SetLoadedEditorAssemblies (0ms)
				RefreshPlugins (1ms)
				BeforeProcessingInitializeOnLoad (62ms)
				ProcessInitializeOnLoadAttributes (171ms)
				ProcessInitializeOnLoadMethodAttributes (16ms)
				AfterProcessingInitializeOnLoad (10ms)
				EditorAssembliesLoaded (0ms)
			ExecutionOrderSort2 (0ms)
			AwakeInstancesAfterBackupRestoration (7ms)
Platform modules already initialized, skipping
Refreshing native plugins compatible for Editor in 2.18 ms, found 3 plugins.
Preloading 0 native plugins for Editor in 0.00 ms.
Unloading 3078 Unused Serialized files (Serialized files now loaded: 0)
Unloading 15 unused Assets / (24.6 KB). Loaded Objects now: 3570.
Memory consumption went from 117.2 MB to 117.2 MB.
Total: 3.325600 ms (FindLiveObjects: 0.334300 ms CreateObjectMapping: 0.076300 ms MarkObjects: 2.894000 ms  DeleteObjects: 0.019600 ms)

AssetImportParameters requested are different than current active one (requested -> active):
  custom:video-decoder-ogg-theora: a1e56fd34408186e4bbccfd4996cb3dc -> 
  custom:container-muxer-webm: aa71ff27fc2769a1b78a27578f13a17b -> 
  custom:container-demuxer-webm: 4f35f7cbe854078d1ac9338744f61a02 -> 
  custom:video-encoder-webm-vp8: eb34c28f22e8b96e1ab97ce403110664 -> 
  custom:audio-encoder-webm-vorbis: bf7c407c2cedff20999df2af8eb42d56 -> 
  custom:framework-win-MediaFoundation: 216162199b28c13a410421893ffa2e32 -> 
  custom:container-demuxer-ogg: 62fdf1f143b41e24485cea50d1cbac27 -> 
  custom:video-decoder-webm-vp8: 9c59270c3fd7afecdb556c50c9e8de78 -> 
  custom:audio-decoder-ogg-vorbis: bf7c407c2cedff20999df2af8eb42d56 -> 
========================================================================
Received Prepare
Registering precompiled user dll's ...
Registered in 0.004162 seconds.
Begin MonoManager ReloadAssembly
Symbol file LoadedFromMemory doesn't match image C:\Users\gksql\repo\Capstone_Design2\Unity\Debuff\Library\PackageCache\com.unity.visualscripting@1.8.0\Editor\VisualScripting.Core\Dependencies\YamlDotNet\Unity.VisualScripting.YamlDotNet.dll
Symbol file LoadedFromMemory doesn't match image C:\Users\gksql\repo\Capstone_Design2\Unity\Debuff\Library\PackageCache\com.unity.visualscripting@1.8.0\Editor\VisualScripting.Core\Dependencies\DotNetZip\Unity.VisualScripting.IonicZip.dll
Native extension for WindowsStandalone target not found
Native extension for Android target not found
Native extension for WebGL target not found
Refreshing native plugins compatible for Editor in 0.53 ms, found 3 plugins.
Preloading 0 native plugins for Editor in 0.00 ms.
Mono: successfully reloaded assembly
- Completed reload, in  0.866 seconds
Domain Reload Profiling:
	ReloadAssembly (866ms)
		BeginReloadAssembly (123ms)
			ExecutionOrderSort (0ms)
			DisableScriptedObjects (5ms)
			BackupInstance (0ms)
			ReleaseScriptingObjects (0ms)
			CreateAndSetChildDomain (28ms)
		EndReloadAssembly (649ms)
			LoadAssemblies (78ms)
			RebuildTransferFunctionScriptingTraits (0ms)
			SetupTypeCache (231ms)
			ReleaseScriptCaches (1ms)
			RebuildScriptCaches (35ms)
			SetupLoadedEditorAssemblies (275ms)
				LogAssemblyErrors (0ms)
				InitializePlatformSupportModulesInManaged (17ms)
				SetLoadedEditorAssemblies (0ms)
				RefreshPlugins (1ms)
				BeforeProcessingInitializeOnLoad (61ms)
				ProcessInitializeOnLoadAttributes (171ms)
				ProcessInitializeOnLoadMethodAttributes (17ms)
				AfterProcessingInitializeOnLoad (8ms)
				EditorAssembliesLoaded (0ms)
			ExecutionOrderSort2 (0ms)
			AwakeInstancesAfterBackupRestoration (5ms)
Platform modules already initialized, skipping
Refreshing native plugins compatible for Editor in 1.56 ms, found 3 plugins.
Preloading 0 native plugins for Editor in 0.00 ms.
Unloading 3078 Unused Serialized files (Serialized files now loaded: 0)
Unloading 15 unused Assets / (24.7 KB). Loaded Objects now: 3573.
Memory consumption went from 117.2 MB to 117.2 MB.
Total: 2.555000 ms (FindLiveObjects: 0.262500 ms CreateObjectMapping: 0.074700 ms MarkObjects: 2.193300 ms  DeleteObjects: 0.023600 ms)

AssetImportParameters requested are different than current active one (requested -> active):
  custom:video-decoder-ogg-theora: a1e56fd34408186e4bbccfd4996cb3dc -> 
  custom:container-muxer-webm: aa71ff27fc2769a1b78a27578f13a17b -> 
  custom:container-demuxer-webm: 4f35f7cbe854078d1ac9338744f61a02 -> 
  custom:video-encoder-webm-vp8: eb34c28f22e8b96e1ab97ce403110664 -> 
  custom:audio-encoder-webm-vorbis: bf7c407c2cedff20999df2af8eb42d56 -> 
  custom:framework-win-MediaFoundation: 216162199b28c13a410421893ffa2e32 -> 
  custom:container-demuxer-ogg: 62fdf1f143b41e24485cea50d1cbac27 -> 
  custom:video-decoder-webm-vp8: 9c59270c3fd7afecdb556c50c9e8de78 -> 
  custom:audio-decoder-ogg-vorbis: bf7c407c2cedff20999df2af8eb42d56 -> 
========================================================================
Received Prepare
Registering precompiled user dll's ...
Registered in 0.004266 seconds.
Begin MonoManager ReloadAssembly
Symbol file LoadedFromMemory doesn't match image C:\Users\gksql\repo\Capstone_Design2\Unity\Debuff\Library\PackageCache\com.unity.visualscripting@1.8.0\Editor\VisualScripting.Core\Dependencies\YamlDotNet\Unity.VisualScripting.YamlDotNet.dll
Symbol file LoadedFromMemory doesn't match image C:\Users\gksql\repo\Capstone_Design2\Unity\Debuff\Library\PackageCache\com.unity.visualscripting@1.8.0\Editor\VisualScripting.Core\Dependencies\DotNetZip\Unity.VisualScripting.IonicZip.dll
Native extension for WindowsStandalone target not found
Native extension for Android target not found
Native extension for WebGL target not found
Refreshing native plugins compatible for Editor in 0.56 ms, found 3 plugins.
Preloading 0 native plugins for Editor in 0.00 ms.
Mono: successfully reloaded assembly
- Completed reload, in  0.885 seconds
Domain Reload Profiling:
	ReloadAssembly (886ms)
		BeginReloadAssembly (130ms)
			ExecutionOrderSort (0ms)
			DisableScriptedObjects (5ms)
			BackupInstance (0ms)
			ReleaseScriptingObjects (0ms)
			CreateAndSetChildDomain (32ms)
		EndReloadAssembly (660ms)
			LoadAssemblies (79ms)
			RebuildTransferFunctionScriptingTraits (0ms)
			SetupTypeCache (241ms)
			ReleaseScriptCaches (1ms)
			RebuildScriptCaches (35ms)
			SetupLoadedEditorAssemblies (275ms)
				LogAssemblyErrors (0ms)
				InitializePlatformSupportModulesInManaged (18ms)
				SetLoadedEditorAssemblies (0ms)
				RefreshPlugins (1ms)
				BeforeProcessingInitializeOnLoad (68ms)
				ProcessInitializeOnLoadAttributes (165ms)
				ProcessInitializeOnLoadMethodAttributes (15ms)
				AfterProcessingInitializeOnLoad (8ms)
				EditorAssembliesLoaded (0ms)
			ExecutionOrderSort2 (0ms)
			AwakeInstancesAfterBackupRestoration (5ms)
Platform modules already initialized, skipping
Refreshing native plugins compatible for Editor in 1.50 ms, found 3 plugins.
Preloading 0 native plugins for Editor in 0.00 ms.
Unloading 3078 Unused Serialized files (Serialized files now loaded: 0)
Unloading 15 unused Assets / (24.6 KB). Loaded Objects now: 3576.
Memory consumption went from 117.2 MB to 117.2 MB.
Total: 2.476000 ms (FindLiveObjects: 0.263700 ms CreateObjectMapping: 0.074000 ms MarkObjects: 2.115000 ms  DeleteObjects: 0.022400 ms)

AssetImportParameters requested are different than current active one (requested -> active):
  custom:video-decoder-ogg-theora: a1e56fd34408186e4bbccfd4996cb3dc -> 
  custom:container-muxer-webm: aa71ff27fc2769a1b78a27578f13a17b -> 
  custom:container-demuxer-webm: 4f35f7cbe854078d1ac9338744f61a02 -> 
  custom:video-encoder-webm-vp8: eb34c28f22e8b96e1ab97ce403110664 -> 
  custom:audio-encoder-webm-vorbis: bf7c407c2cedff20999df2af8eb42d56 -> 
  custom:framework-win-MediaFoundation: 216162199b28c13a410421893ffa2e32 -> 
  custom:container-demuxer-ogg: 62fdf1f143b41e24485cea50d1cbac27 -> 
  custom:video-decoder-webm-vp8: 9c59270c3fd7afecdb556c50c9e8de78 -> 
  custom:audio-decoder-ogg-vorbis: bf7c407c2cedff20999df2af8eb42d56 -> 
